[debug] [2018-07-23T23:05:45.707Z] ----------------------------------------------------------------------
[debug] [2018-07-23T23:05:45.709Z] Command:       /usr/local/bin/node /usr/local/bin/firebase serve
[debug] [2018-07-23T23:05:45.709Z] CLI Version:   3.19.3
[debug] [2018-07-23T23:05:45.709Z] Platform:      darwin
[debug] [2018-07-23T23:05:45.709Z] Node Version:  v8.11.3
[debug] [2018-07-23T23:05:45.710Z] Time:          Mon Jul 23 2018 18:05:45 GMT-0500 (CDT)
[debug] [2018-07-23T23:05:45.710Z] ----------------------------------------------------------------------
[debug] 
[debug] [2018-07-23T23:05:45.719Z] > command requires scopes: ["email","openid","https://www.googleapis.com/auth/cloudplatformprojects.readonly","https://www.googleapis.com/auth/firebase","https://www.googleapis.com/auth/cloud-platform"]
[debug] [2018-07-23T23:05:45.719Z] > authorizing via signed-in user
[debug] [2018-07-23T23:05:45.721Z] > refreshing access token with scopes: ["email","https://www.googleapis.com/auth/cloud-platform","https://www.googleapis.com/auth/cloudplatformprojects.readonly","https://www.googleapis.com/auth/firebase","openid"]
[debug] [2018-07-23T23:05:45.721Z] >>> HTTP REQUEST POST https://www.googleapis.com/oauth2/v3/token  
 { refresh_token: '1/XAsPRMHoVEoFbkMxuSEyHQRyH8RrlyBfQl55xeVu3E-5S7ryQ-1qjoqCHiQzsCgb',
  client_id: '563584335869-fgrhgmd47bqnekij5i8b5pr03ho849e6.apps.googleusercontent.com',
  client_secret: 'j9iVZfS8kkCEFUPaAeJV0sAi',
  grant_type: 'refresh_token',
  scope: 'email https://www.googleapis.com/auth/cloud-platform https://www.googleapis.com/auth/cloudplatformprojects.readonly https://www.googleapis.com/auth/firebase openid' } 
 Mon Jul 23 2018 18:05:45 GMT-0500 (CDT)
[debug] [2018-07-23T23:05:45.947Z] <<< HTTP RESPONSE 200
[debug] [2018-07-23T23:05:45.961Z] >>> HTTP REQUEST GET https://admin.firebase.com/v1/projects/project001-468db  
  
 Mon Jul 23 2018 18:05:45 GMT-0500 (CDT)
[debug] [2018-07-23T23:05:46.708Z] <<< HTTP RESPONSE 200
[debug] [2018-07-23T23:05:46.709Z] >>> HTTP REQUEST GET https://admin.firebase.com/v1/database/project001-468db/tokens  
  
 Mon Jul 23 2018 18:05:46 GMT-0500 (CDT)
[debug] [2018-07-23T23:05:48.560Z] <<< HTTP RESPONSE 200
[debug] [2018-07-23T23:05:48.561Z] >>> HTTP REQUEST GET https://cloudresourcemanager.googleapis.com/v1/projects/project001-468db  
  
 Mon Jul 23 2018 18:05:48 GMT-0500 (CDT)
[debug] [2018-07-23T23:05:48.898Z] <<< HTTP RESPONSE 200
[info] 
[info] === Serving from '/Users/jeffersonlam/Documents/dev/tuts/quickstart-js/database'...
[info] 
[debug] [2018-07-23T23:05:48.900Z] >>> HTTP REQUEST GET https://mobilesdk-pa.googleapis.com/v1/projects/637928380697/clients/_:getWebAppConfig  
  
 Mon Jul 23 2018 18:05:48 GMT-0500 (CDT)
[debug] [2018-07-23T23:05:49.235Z] <<< HTTP RESPONSE 200
[info] i  hosting: Serving hosting files from: ./
[info] ✔  hosting: Local server: http://localhost:5000

